
 CHEMKIN-III GAS-PHASE MECHANISM INTERPRETER:
 DOUBLE PRECISION Vers. 5.5 96/05/23        
 Copyright 1995, Sandia Corporation.
 The U.S. Government retains a limited license in this software.


                          --------------------
                          ELEMENTS     ATOMIC
                          CONSIDERED   WEIGHT
                          --------------------
                           1. H       1.00797    
                           2. C       12.0112    
                           3. N       14.0067    
                           4. O       15.9994    
                          --------------------
 -------------------------------------------------------------------------------
                          C
                       P  H
                       H  A
                       A  R
 SPECIES               S  G  MOLECULAR  TEMPERATURE  ELEMENT COUNT
 CONSIDERED            E  E  WEIGHT     LOW    HIGH  H  C  N  O  
 -------------------------------------------------------------------------------
   1. CH4              G  0   16.04303   200   6000   4  1  0  0
   2. C6H11            G  0   83.15457   298   3000  11  6  0  0
   3. C2H6             G  0   30.07012   300   5000   6  2  0  0
   4. C5H8             G  0   68.11951   298   5000   8  5  0  0
   5. C5H10            G  0   70.13545   200   5000  10  5  0  0
   6. C5H12            G  0   72.15139   300   4000  12  5  0  0
   7. C6H14            G  0   86.17848   300   4000  14  6  0  0
   8. H                G  0    1.00797   200   6000   1  0  0  0
   9. H2               G  0    2.01594   200   6000   2  0  0  0
  10. O                G  0   15.99940   200   6000   0  0  0  1
  11. O2               G  0   31.99880   200   6000   0  0  0  2
  12. OH               G  0   17.00737   200   6000   1  0  0  1
  13. HO2              G  0   33.00677   200   6000   1  0  0  2
  14. H2O              G  0   18.01534   200   6000   2  0  0  1
  15. H2O2             G  0   34.01474   200   6000   2  0  0  2
  16. CO               G  0   28.01055   200   6000   0  1  0  1
  17. CO2              G  0   44.00995   200   6000   0  1  0  2
  18. HCO              G  0   29.01852   200   6000   1  1  0  1
  19. CH3              G  0   15.03506   200   6000   3  1  0  0
  20. CH2O             G  0   30.02649   200   6000   2  1  0  1
  21. C2H5             G  0   29.06215   200   6000   5  2  0  0
  22. CH2              G  0   14.02709   200   6000   2  1  0  0
  23. CH3O             G  0   31.03446   200   6000   3  1  0  1
  24. CH2OH            G  0   31.03446   200   6000   3  1  0  1
  25. CH               G  0   13.01912   200   6000   1  1  0  0
  26. C2H2             G  0   26.03824   200   6000   2  2  0  0
  27. C2H4             G  0   28.05418   300   5000   4  2  0  0
  28. C2H3             G  0   27.04621   200   6000   3  2  0  0
  29. CH3OH            G  0   32.04243   200   6000   4  1  0  1
  30. CH3HCO           G  0   44.05358   200   6000   4  2  0  1
  31. C2H4O            G  0   44.05358   200   6000   4  2  0  1
  32. C2H              G  0   25.03027   200   6000   1  2  0  0
  33. CH2CO            G  0   42.03764   200   6000   2  2  0  1
  34. HCCO             G  0   41.02967   200   6000   1  2  0  1
  35. SCH2             G  0   14.02709   300   4000   2  1  0  0
  36. C2               G  0   24.02230   200   6000   0  2  0  0
  37. C2O              G  0   40.02170   200   6000   0  2  0  1
  38. CH3CO            G  0   43.04561   200   6000   3  2  0  1
  39. CH3CO3           G  0   75.04441   300   5000   3  2  0  3
  40. CH3CO3H          G  0   76.05238   300   5000   4  2  0  3
  41. CH3O2            G  0   47.03386   300   5000   3  1  0  2
  42. CH3O2H           G  0   48.04183   200   6000   4  1  0  2
  43. C2H5O2H          G  0   62.06892   200   6000   6  2  0  2
  44. C2H5O2           G  0   61.06095   300   5000   5  2  0  2
  45. CH3CO2           G  0   59.04501   300   5000   3  2  0  2
  46. CH3CO2H          G  0   60.05298   300   5000   4  2  0  2
  47. C2H5O            G  0   45.06155   300   5000   5  2  0  1
  48. C2H5OH           G  0   46.06952   200   6000   6  2  0  1
  49. SC2H5O           G  0   45.06155   300   5000   5  2  0  1
  50. PC2H5O           G  0   45.06155   300   5000   5  2  0  1
  51. CH2HCO           G  0   43.04561   300   5000   3  2  0  1
  52. CN               G  0   26.01785   200   6000   0  1  1  0
  53. H2CN             G  0   28.03379   200   6000   2  1  1  0
  54. N                G  0   14.00670   200   6000   0  0  1  0
  55. NH               G  0   15.01467   200   6000   1  0  1  0
  56. HCN              G  0   27.02582   200   6000   1  1  1  0
  57. NO               G  0   30.00610   200   6000   0  0  1  1
  58. HCNO             G  0   43.02522   250   4000   1  1  1  1
  59. C                G  0   12.01115   200   6000   0  1  0  0
  60. HOCN             G  0   43.02522   300   4000   1  1  1  1
  61. HNCO             G  0   43.02522   200   6000   1  1  1  1
  62. NCO              G  0   42.01725   200   6000   0  1  1  1
  63. N2O              G  0   44.01280   200   6000   0  0  2  1
  64. NH2              G  0   16.02264   200   6000   2  0  1  0
  65. HNO              G  0   31.01407   200   6000   1  0  1  1
  66. NO2              G  0   46.00550   200   6000   0  0  1  2
  67. C2N2             G  0   52.03570   200   6000   0  2  2  0
  68. NNH              G  0   29.02137   200   6000   1  0  2  0
  69. NH3              G  0   17.03061   200   6000   3  0  1  0
  70. N2H2             G  0   30.02934   200   6000   2  0  2  0
 -------------------------------------------------------------------------------

 WARNING...NO REACTIONS FOUND, 
 LINKFILE HAS NO REACTION INFORMATION ON IT.



 NO ERRORS FOUND ON INPUT, 
 BINARY Vers. 1.0 CHEMKIN linkfile chem.bin written.

 WORKING SPACE REQUIREMENTS ARE
    INTEGER:      701
    REAL:        1547
    CHARACTER:     74
